<?xml version="1.0" encoding="UTF-8"?>
<!-- Generated by org.testng.reporters.JUnitXMLReporter -->
<testsuite ignored="0" hostname="DESKTOP-G2T8TS4" failures="0" tests="4" name="Test" time="0.071" errors="0" timestamp="01 Aug 2019 11:25:25 GMT">
  <testcase classname="Qaclickacademy.RestAPITest" name="RESTAPI" time="0.016"/>
  <testcase classname="Qaclickacademy.RestAPITest" name="SOAPAPI" time="0.0"/>
  <testcase classname="Qaclickacademy.MobileTest" name="Andriod" time="0.0"/>
  <testcase classname="Qaclickacademy.MobileTest" name="Apple" time="0.0"/>
</testsuite> <!-- Test -->
