<?xml version="1.0" encoding="UTF-8"?>
<!-- Generated by org.testng.reporters.JUnitXMLReporter -->
<testsuite hostname="DESKTOP-G2T8TS4" ignored="0" name="Test" tests="4" failures="0" timestamp="13 Aug 2019 09:36:03 GMT" time="0.061" errors="0">
  <testcase name="RESTAPI" time="0.019" classname="Qaclickacademy.RestAPITest"/>
  <testcase name="SOAPAPI" time="0.0" classname="Qaclickacademy.RestAPITest"/>
  <testcase name="SeleniumCode" time="0.0" classname="Qaclickacademy.SeleniumTest"/>
  <testcase name="SeleniumCode1" time="0.0" classname="Qaclickacademy.SeleniumTest"/>
</testsuite> <!-- Test -->
