<?xml version="1.0" encoding="UTF-8"?>
<testng-results skipped="0" failed="0" ignored="0" total="4" passed="4">
  <reporter-output>
  </reporter-output>
  <suite name="Suite" duration-ms="61" started-at="2019-08-13T09:36:03Z" finished-at="2019-08-13T09:36:03Z">
    <groups>
    </groups>
    <test name="Test" duration-ms="61" started-at="2019-08-13T09:36:03Z" finished-at="2019-08-13T09:36:03Z">
      <class name="Qaclickacademy.RestAPITest">
        <test-method status="PASS" signature="RESTAPI()[pri:0, instance:Qaclickacademy.RestAPITest@6cd8737]" name="RESTAPI" duration-ms="19" started-at="2019-08-13T09:36:03Z" finished-at="2019-08-13T09:36:03Z">
          <reporter-output>
          </reporter-output>
        </test-method> <!-- RESTAPI -->
        <test-method status="PASS" signature="SOAPAPI()[pri:0, instance:Qaclickacademy.RestAPITest@6cd8737]" name="SOAPAPI" duration-ms="0" started-at="2019-08-13T09:36:03Z" finished-at="2019-08-13T09:36:03Z">
          <reporter-output>
          </reporter-output>
        </test-method> <!-- SOAPAPI -->
      </class> <!-- Qaclickacademy.RestAPITest -->
      <class name="Qaclickacademy.SeleniumTest">
        <test-method status="PASS" signature="SeleniumCode()[pri:0, instance:Qaclickacademy.SeleniumTest@22f71333]" name="SeleniumCode" duration-ms="0" started-at="2019-08-13T09:36:03Z" finished-at="2019-08-13T09:36:03Z">
          <reporter-output>
          </reporter-output>
        </test-method> <!-- SeleniumCode -->
        <test-method status="PASS" signature="SeleniumCode1()[pri:0, instance:Qaclickacademy.SeleniumTest@22f71333]" name="SeleniumCode1" duration-ms="0" started-at="2019-08-13T09:36:03Z" finished-at="2019-08-13T09:36:03Z">
          <reporter-output>
          </reporter-output>
        </test-method> <!-- SeleniumCode1 -->
      </class> <!-- Qaclickacademy.SeleniumTest -->
    </test> <!-- Test -->
  </suite> <!-- Suite -->
</testng-results>
