<?xml version="1.0" encoding="UTF-8"?>
<testng-results ignored="0" total="4" passed="4" failed="0" skipped="0">
  <reporter-output>
  </reporter-output>
  <suite started-at="2019-08-01T11:25:25Z" name="Suite" finished-at="2019-08-01T11:25:25Z" duration-ms="71">
    <groups>
    </groups>
    <test started-at="2019-08-01T11:25:25Z" name="Test" finished-at="2019-08-01T11:25:25Z" duration-ms="71">
      <class name="Qaclickacademy.RestAPITest">
        <test-method signature="RESTAPI()[pri:0, instance:Qaclickacademy.RestAPITest@57250572]" started-at="2019-08-01T11:25:25Z" name="RESTAPI" finished-at="2019-08-01T11:25:25Z" duration-ms="16" status="PASS">
          <reporter-output>
          </reporter-output>
        </test-method> <!-- RESTAPI -->
        <test-method signature="SOAPAPI()[pri:0, instance:Qaclickacademy.RestAPITest@57250572]" started-at="2019-08-01T11:25:25Z" name="SOAPAPI" finished-at="2019-08-01T11:25:25Z" duration-ms="0" status="PASS">
          <reporter-output>
          </reporter-output>
        </test-method> <!-- SOAPAPI -->
      </class> <!-- Qaclickacademy.RestAPITest -->
      <class name="Qaclickacademy.MobileTest">
        <test-method signature="Andriod()[pri:0, instance:Qaclickacademy.MobileTest@5609159b]" started-at="2019-08-01T11:25:25Z" name="Andriod" finished-at="2019-08-01T11:25:25Z" duration-ms="0" status="PASS">
          <reporter-output>
          </reporter-output>
        </test-method> <!-- Andriod -->
        <test-method signature="Apple()[pri:0, instance:Qaclickacademy.MobileTest@5609159b]" started-at="2019-08-01T11:25:25Z" name="Apple" finished-at="2019-08-01T11:25:25Z" duration-ms="0" status="PASS">
          <reporter-output>
          </reporter-output>
        </test-method> <!-- Apple -->
      </class> <!-- Qaclickacademy.MobileTest -->
    </test> <!-- Test -->
  </suite> <!-- Suite -->
</testng-results>
